---------Simulation beggining------------
---------summary-----------
Great tit (adult) was found 100% with an average of 2.8 guess
Dunnock was found 98% with an average of 6.7 guess
Collared dove was found 100% with an average of 3.9 guess
Blue tit (adult) was found 100% with an average of 3.0 guess
Wren was found 82% with an average of 8.5 guess
Blackbird (adult male) was found 100% with an average of 4.2 guess
Coal tit was found 100% with an average of 5.6 guess
Magpie was found 100% with an average of 3.0 guess
House sparrow (adult female) was found 98% with an average of 6.4 guess
Rock dove (ferel pigeon) was found 100% with an average of 2.6 guess
House sparrow (adult male) was found 100% with an average of 6.0 guess
Blackbird (female) was found 100% with an average of 4.5 guess
Wood pigeon (adult) was found 100% with an average of 3.3 guess
Great-spotted woodpecker (adult) was found 85% with an average of 9.3 guess
Robin (adult) was found 100% with an average of 6.6 guess
Long-tailed tit was found 100% with an average of 6.2 guess
Carrion Crow was found 98% with an average of 7.3 guess
Chaffinch (male) was found 100% with an average of 8.6 guess
Jackdaw was found 100% with an average of 4.5 guess
